<?xml version="1.0" encoding="UTF-8"?>
<!-- Generated by org.testng.reporters.JUnitReportReporter -->
<testsuite hostname="GURM38490" name="Consolidatedtests" tests="3" failures="0" timestamp="22 Dec 2017 05:02:31 GMT" time="6.115" errors="0">
  <testcase name="firstfunction" time="5.560" classname="Consolidatedtests"/>
  <testcase name="secondfunction" time="0.534" classname="Consolidatedtests"/>
  <testcase name="thirdfunction" time="0.021" classname="Consolidatedtests"/>
</testsuite> <!-- Consolidatedtests -->
